<?xml version="1.0" encoding="UTF-8"?>
<!-- Generated by org.testng.reporters.JUnitXMLReporter -->
<testsuite hostname="qe-amotawei-n" ignored="2" name="opensite " tests="2" failures="0" timestamp="24 Feb 2019 12:37:51 GMT" time="8.945" errors="0">
  <testcase name="checkLogin" time="0.215" classname="automation.test.Login_test"/>
  <testcase name="CheckEditProfile" time="8.712" classname="automation.test.Edit_profile_test"/>
  <testcase name="@BeforeSuite Intilize" time="0.0" classname="Resourses.Base">
    <ignored/>
  </testcase> <!-- @BeforeSuite Intilize -->
  <testcase name="@BeforeSuite Intilize" time="0.0" classname="Resourses.Base">
    <ignored/>
  </testcase> <!-- @BeforeSuite Intilize -->
</testsuite> <!-- opensite  -->
