<?xml version="1.0" encoding="UTF-8"?>
<!-- Generated by org.testng.reporters.JUnitXMLReporter -->
<testsuite hostname="qe-amotawei-n" ignored="2" name="opensite " tests="4" failures="0" timestamp="21 Feb 2019 14:14:40 GMT" time="8.537" errors="0">
  <testcase name="checkLogin" time="1.147" classname="automation.test.Login_test"/>
  <testcase name="checkSiteLayoutCount" time="6.949" classname="automation.test.SiteCompose_test"/>
  <testcase name="checkSiteLayoutitems" time="0.187" classname="automation.test.SiteCompose_test"/>
  <testcase name="checkSiteMapitems" time="0.239" classname="automation.test.SiteCompose_test"/>
  <testcase name="@BeforeSuite Intilize" time="0.0" classname="Resourses.Base">
    <ignored/>
  </testcase> <!-- @BeforeSuite Intilize -->
  <testcase name="@BeforeSuite Intilize" time="0.0" classname="Resourses.Base">
    <ignored/>
  </testcase> <!-- @BeforeSuite Intilize -->
</testsuite> <!-- opensite  -->
