<?xml version="1.0" encoding="UTF-8"?>
<!-- Generated by org.testng.reporters.JUnitXMLReporter -->
<testsuite hostname="qe-amotawei-n" ignored="2" name="Test 3" tests="2" failures="0" timestamp="12 Feb 2019 09:23:05 GMT" time="7.413" errors="0">
  <testcase name="checkLogin" time="1.211" classname="automation.test.Login_test"/>
  <testcase name="checkMandatory" time="6.187" classname="automation.test.OrgAdmin_Group_Edit"/>
  <testcase name="@BeforeSuite Intilize" time="0.0" classname="Resourses.Base">
    <ignored/>
  </testcase> <!-- @BeforeSuite Intilize -->
  <testcase name="@BeforeSuite Intilize" time="0.0" classname="Resourses.Base">
    <ignored/>
  </testcase> <!-- @BeforeSuite Intilize -->
</testsuite> <!-- Test 3 -->
