<?xml version="1.0" encoding="UTF-8"?>
<!-- Generated by org.testng.reporters.JUnitXMLReporter -->
<testsuite hostname="qe-amotawei-n" ignored="2" name="Test 2" tests="3" failures="0" timestamp="11 Feb 2019 10:00:31 GMT" time="7.961" errors="0">
  <testcase name="checkLogin" time="1.163" classname="automation.test.Login_test"/>
  <testcase name="checkAddGroup" time="3.755" classname="automation.test.OrgAdmin_Group"/>
  <testcase name="checkAddGroup" time="3.024" classname="automation.test.OrgAdmin_Group"/>
  <testcase name="@BeforeSuite Intilize" time="0.0" classname="Resourses.Base">
    <ignored/>
  </testcase> <!-- @BeforeSuite Intilize -->
  <testcase name="@BeforeSuite Intilize" time="0.0" classname="Resourses.Base">
    <ignored/>
  </testcase> <!-- @BeforeSuite Intilize -->
</testsuite> <!-- Test 2 -->
