<?xml version="1.0" encoding="UTF-8"?>
<!-- Generated by org.testng.reporters.JUnitXMLReporter -->
<testsuite hostname="qe-amotawei-n" ignored="2" name="Test 2" tests="2" failures="1" timestamp="20 Feb 2019 08:19:46 GMT" time="8.454" errors="0">
  <testcase name="checkLogin" time="0.442" classname="automation.test.Login_test"/>
  <testcase name="checkAddPage" time="7.993" classname="automation.test.SiteCompose_test">
    <failure type="java.lang.NullPointerException">
      <![CDATA[java.lang.NullPointerException
at PageObjects.SiteComposer_page.AddNewPAge(SiteComposer_page.java:71)
at automation.test.SiteCompose_test.checkAddPage(SiteCompose_test.java:20)
... Removed 25 stack frames]]>
    </failure>
  </testcase> <!-- checkAddPage -->
  <testcase name="@BeforeSuite Intilize" time="0.0" classname="Resourses.Base">
    <ignored/>
  </testcase> <!-- @BeforeSuite Intilize -->
  <testcase name="@BeforeSuite Intilize" time="0.0" classname="Resourses.Base">
    <ignored/>
  </testcase> <!-- @BeforeSuite Intilize -->
</testsuite> <!-- Test 2 -->
