<?xml version="1.0" encoding="UTF-8"?>
<testng-results skipped="0" failed="0" ignored="2" total="6" passed="4">
  <reporter-output>
  </reporter-output>
  <suite name="Suite" duration-ms="12620" started-at="2019-02-20T11:40:57Z" finished-at="2019-02-20T11:41:10Z">
    <groups>
    </groups>
    <test name="Test 2" duration-ms="12620" started-at="2019-02-20T11:40:57Z" finished-at="2019-02-20T11:41:10Z">
      <class name="automation.test.Login_test">
        <test-method status="PASS" signature="checkLogin()[pri:0, instance:automation.test.Login_test@66a3ffec]" name="checkLogin" duration-ms="1143" started-at="2019-02-20T11:40:57Z" finished-at="2019-02-20T11:40:58Z">
          <reporter-output>
          </reporter-output>
        </test-method> <!-- checkLogin -->
        <test-method status="PASS" signature="screenshotOnFailure(org.testng.ITestResult)[pri:0, instance:automation.test.Login_test@66a3ffec]" name="screenshotOnFailure" is-config="true" duration-ms="2" started-at="2019-02-20T11:40:58Z" finished-at="2019-02-20T11:40:58Z">
          <params>
            <param index="0">
              <value>
                <![CDATA[[TestResult name=checkLogin status=SUCCESS method=Login_test.checkLogin()[pri:0, instance:automation.test.Login_test@66a3ffec] output={null}]]]>
              </value>
            </param>
          </params>
          <reporter-output>
          </reporter-output>
        </test-method> <!-- screenshotOnFailure -->
      </class> <!-- automation.test.Login_test -->
      <class name="Resourses.Base">
        <test-method status="PASS" signature="Intilize()[pri:0, instance:Resourses.Base@3e6fa38a]" name="Intilize" is-config="true" duration-ms="3947" started-at="2019-02-20T11:40:53Z" finished-at="2019-02-20T11:40:57Z">
          <reporter-output>
          </reporter-output>
        </test-method> <!-- Intilize -->
      </class> <!-- Resourses.Base -->
      <class name="automation.test.OrgAdmin_Group_Add">
        <test-method status="PASS" signature="checkAddGroup(java.lang.String, java.lang.String)[pri:0, instance:automation.test.OrgAdmin_Group_Add@77caeb3e]" name="checkAddGroup" duration-ms="4608" started-at="2019-02-20T11:40:58Z" data-provider="TestData" finished-at="2019-02-20T11:41:03Z">
          <params>
            <param index="0">
              <value>
                <![CDATA[woow]]>
              </value>
            </param>
            <param index="1">
              <value>
                <![CDATA[test group]]>
              </value>
            </param>
          </params>
          <reporter-output>
          </reporter-output>
        </test-method> <!-- checkAddGroup -->
        <test-method status="PASS" signature="screenshotOnFailure(org.testng.ITestResult)[pri:0, instance:automation.test.OrgAdmin_Group_Add@77caeb3e]" name="screenshotOnFailure" is-config="true" duration-ms="1" started-at="2019-02-20T11:41:03Z" finished-at="2019-02-20T11:41:03Z">
          <params>
            <param index="0">
              <value>
                <![CDATA[[TestResult name=checkAddGroup status=SUCCESS method=OrgAdmin_Group_Add.checkAddGroup(java.lang.String, java.lang.String)[pri:0, instance:automation.test.OrgAdmin_Group_Add@77caeb3e] output={null}]]]>
              </value>
            </param>
          </params>
          <reporter-output>
          </reporter-output>
        </test-method> <!-- screenshotOnFailure -->
        <test-method status="PASS" signature="checkAddGroup(java.lang.String, java.lang.String)[pri:0, instance:automation.test.OrgAdmin_Group_Add@77caeb3e]" name="checkAddGroup" duration-ms="3462" started-at="2019-02-20T11:41:03Z" data-provider="TestData" finished-at="2019-02-20T11:41:06Z">
          <params>
            <param index="0">
              <value>
                <![CDATA[test or 1=1 --]]>
              </value>
            </param>
            <param index="1">
              <value>
                <![CDATA[test' or 1=1 #]]>
              </value>
            </param>
          </params>
          <reporter-output>
          </reporter-output>
        </test-method> <!-- checkAddGroup -->
        <test-method status="PASS" signature="checkAddGroup(java.lang.String, java.lang.String)[pri:0, instance:automation.test.OrgAdmin_Group_Add@77caeb3e]" name="checkAddGroup" duration-ms="3385" started-at="2019-02-20T11:41:06Z" data-provider="TestData" finished-at="2019-02-20T11:41:10Z">
          <params>
            <param index="0">
              <value>
                <![CDATA[]]>
              </value>
            </param>
            <param index="1">
              <value>
                <![CDATA[]]>
              </value>
            </param>
          </params>
          <reporter-output>
          </reporter-output>
        </test-method> <!-- checkAddGroup -->
        <test-method status="PASS" signature="screenshotOnFailure(org.testng.ITestResult)[pri:0, instance:automation.test.OrgAdmin_Group_Add@77caeb3e]" name="screenshotOnFailure" is-config="true" duration-ms="0" started-at="2019-02-20T11:41:06Z" finished-at="2019-02-20T11:41:06Z">
          <params>
            <param index="0">
              <value>
                <![CDATA[[TestResult name=checkAddGroup status=SUCCESS method=OrgAdmin_Group_Add.checkAddGroup(java.lang.String, java.lang.String)[pri:0, instance:automation.test.OrgAdmin_Group_Add@77caeb3e] output={null}]]]>
              </value>
            </param>
          </params>
          <reporter-output>
          </reporter-output>
        </test-method> <!-- screenshotOnFailure -->
        <test-method status="PASS" signature="screenshotOnFailure(org.testng.ITestResult)[pri:0, instance:automation.test.OrgAdmin_Group_Add@77caeb3e]" name="screenshotOnFailure" is-config="true" duration-ms="0" started-at="2019-02-20T11:41:10Z" finished-at="2019-02-20T11:41:10Z">
          <params>
            <param index="0">
              <value>
                <![CDATA[[TestResult name=checkAddGroup status=SUCCESS method=OrgAdmin_Group_Add.checkAddGroup(java.lang.String, java.lang.String)[pri:0, instance:automation.test.OrgAdmin_Group_Add@77caeb3e] output={null}]]]>
              </value>
            </param>
          </params>
          <reporter-output>
          </reporter-output>
        </test-method> <!-- screenshotOnFailure -->
      </class> <!-- automation.test.OrgAdmin_Group_Add -->
    </test> <!-- Test 2 -->
  </suite> <!-- Suite -->
</testng-results>
